<?xml version="1.0" encoding="UTF-8" ?>
<testsuite tests="5" failures="0" name="GameTest" time="0.226" errors="0" skipped="0">
  <properties>
[...]
</properties>
  <testcase classname="GameTest" name="testSetGameState" time="0.107"/>
  <testcase classname="GameTest" name="testInitialGameState" time="0.001"/>
  <testcase classname="GameTest" name="testWinGame" time="0.115"/>
  <testcase classname="GameTest" name="testRevealNonMineCell" time="0.002"/>
  <testcase classname="GameTest" name="testRevealMineCell" time="0.001"/>
</testsuite>